Determining if the pthread_create exist failed with the following output:
Change Dir: /home/demo/ros/catkin_ws/src/lmpcc/cmake-build-debug/CMakeFiles/CMakeTmp

Run Build Command:"/usr/bin/make" "cmTC_a8aca/fast"
/usr/bin/make -f CMakeFiles/cmTC_a8aca.dir/build.make CMakeFiles/cmTC_a8aca.dir/build
make[1]: Entering directory '/home/demo/ros/catkin_ws/src/lmpcc/cmake-build-debug/CMakeFiles/CMakeTmp'
Building C object CMakeFiles/cmTC_a8aca.dir/CheckSymbolExists.c.o
/usr/bin/cc    -o CMakeFiles/cmTC_a8aca.dir/CheckSymbolExists.c.o   -c /home/demo/ros/catkin_ws/src/lmpcc/cmake-build-debug/CMakeFiles/CMakeTmp/CheckSymbolExists.c
Linking C executable cmTC_a8aca
/home/demo/Tools/Clion/bin/cmake/linux/bin/cmake -E cmake_link_script CMakeFiles/cmTC_a8aca.dir/link.txt --verbose=1
/usr/bin/cc      -rdynamic CMakeFiles/cmTC_a8aca.dir/CheckSymbolExists.c.o  -o cmTC_a8aca 
CMakeFiles/cmTC_a8aca.dir/CheckSymbolExists.c.o: In function `main':
CheckSymbolExists.c:(.text+0x1b): undefined reference to `pthread_create'
collect2: error: ld returned 1 exit status
CMakeFiles/cmTC_a8aca.dir/build.make:86: recipe for target 'cmTC_a8aca' failed
make[1]: *** [cmTC_a8aca] Error 1
make[1]: Leaving directory '/home/demo/ros/catkin_ws/src/lmpcc/cmake-build-debug/CMakeFiles/CMakeTmp'
Makefile:121: recipe for target 'cmTC_a8aca/fast' failed
make: *** [cmTC_a8aca/fast] Error 2

File /home/demo/ros/catkin_ws/src/lmpcc/cmake-build-debug/CMakeFiles/CMakeTmp/CheckSymbolExists.c:
/* */
#include <pthread.h>

int main(int argc, char** argv)
{
  (void)argv;
#ifndef pthread_create
  return ((int*)(&pthread_create))[argc];
#else
  (void)argc;
  return 0;
#endif
}

Determining if the function pthread_create exists in the pthreads failed with the following output:
Change Dir: /home/demo/ros/catkin_ws/src/lmpcc/cmake-build-debug/CMakeFiles/CMakeTmp

Run Build Command:"/usr/bin/make" "cmTC_becf4/fast"
/usr/bin/make -f CMakeFiles/cmTC_becf4.dir/build.make CMakeFiles/cmTC_becf4.dir/build
make[1]: Entering directory '/home/demo/ros/catkin_ws/src/lmpcc/cmake-build-debug/CMakeFiles/CMakeTmp'
Building C object CMakeFiles/cmTC_becf4.dir/CheckFunctionExists.c.o
/usr/bin/cc   -DCHECK_FUNCTION_EXISTS=pthread_create   -o CMakeFiles/cmTC_becf4.dir/CheckFunctionExists.c.o   -c /home/demo/Tools/Clion/bin/cmake/linux/share/cmake-3.13/Modules/CheckFunctionExists.c
Linking C executable cmTC_becf4
/home/demo/Tools/Clion/bin/cmake/linux/bin/cmake -E cmake_link_script CMakeFiles/cmTC_becf4.dir/link.txt --verbose=1
/usr/bin/cc  -DCHECK_FUNCTION_EXISTS=pthread_create    -rdynamic CMakeFiles/cmTC_becf4.dir/CheckFunctionExists.c.o  -o cmTC_becf4 -lpthreads 
/usr/bin/ld: cannot find -lpthreads
collect2: error: ld returned 1 exit status
CMakeFiles/cmTC_becf4.dir/build.make:86: recipe for target 'cmTC_becf4' failed
make[1]: *** [cmTC_becf4] Error 1
make[1]: Leaving directory '/home/demo/ros/catkin_ws/src/lmpcc/cmake-build-debug/CMakeFiles/CMakeTmp'
Makefile:121: recipe for target 'cmTC_becf4/fast' failed
make: *** [cmTC_becf4/fast] Error 2


